1318
1795
1738
2174
980
1798
2512
1458
2226
1986
1864
2912
1514
1109
1259
1767
1730
756
4341
2510
3036
1573
2071
1475
2452
866
1262
2238
1059
1407
2940
1422
1262
1535
2438
1329
3403
2867
333
3616
1555
3485
2332
3509
1584
2828
1777
1866
1433
716
1826
691
2286
1462
1633
3368
1933
3761
1511
1601
-1
1372
1814
2512
2587
1234
1646
837
2084
152
972
1513
1940
2471
863
1363
2227
2043
309
2284
3409
2744
416
2853
1205
1646
1735
1924
1662
1502
981
304
3259
2048
1617
543
1858
3102
1872
1981
2016
1579
935
1227
1280
1251
3909
1493
3825
3296
2568
1101
1871
1831
2645
2615
1429
2015
2174
1582
136
3332
2861
2037
2707
2165
2656
981
1479
2323
789
2463
2747
1680
1898
2059
1326
959
1592
1225
2510
2238
1679
2001
1242
3018
1234
1736
1332
2702
727
2601
1525
2803
1243
3321
1582
881
2584
2129
2207
557
1193
1754
1152
3878
1426
1557
2310
706
1179
1535
755
3562
2714
2657
2368
1277
2548
2425
3205
886
1170
3329
2255
1989
1835
4126
1531
3290
1440
1386
1723
1749
1415
2657
2887
4443
2798
1653
1563
1756
1677
2168
3241
1523
912
1371
1251
2534
74
1221
2758
1570
428
1587
2528
990
2505
883
1691
3322
1707
960
2707
1554
2839
1227
3818
2211
1574
1001
2318
331
2903
2065
1688
2804
1777
1084
1155
1945
2868
846
1037
1405
2403
1158
3122
1188
2181
971
4048
3481
983
2175
1872
1522
2635
888
922
757
1332
3179
4989
2343
1835
1581
1498
1120
1714
-1
2121
627
2705
2396
2430
1265
1835
1506
2974
129
2554
1555
1084
3395
2938
2367
1409
2434
2803
2997
1219
1543
907
2246
185
1606
2046
1068
2266
1336
1600
2987
1479
1459
3254
1116
1871
1930
2275
2580
1909
1435
1388
1265
593
2108
1543
2752
1113
774
0
1894
1367
829
739
1404
2132
3058
3878
3082
2215
2873
1277
1830
2570
694
380
2153
2092
1426
1680
1902
1686
765
1036
2120
3902
2387
2134
3421
1900
2027
1774
2096
620
1656
1545
1355
1780
861
1183
2841
902
1685
2160
887
2054
1660
2895
748
1498
2122
1517
1646
1745
2057
2152
2286
2026
2505
2093
1408
872
1494
1286
3285
1173
1228
2335
1872
1411
1078
-1
1559
2177
2626
1835
2488
679
402
2592
1428
2966
3883
2534
1111
4361
1943
570
2728
2339
996
1804
786
1725
5081
1175
3141
4294
2203
2747
2073
2662
3462
1484
1189
2748
1595
1509
1729
1377
853
1055
1591
2291
3092
4061
3726
1365
1047
2182
1261
2570
4341
2038
1314
1882
1774
1635
863
3526
2750
2194
1632
2379
2209
1673
2317
1868
1385
1764
3656
2190
2339
2096
1781
2856
3680
1783
3626
2888
2341
1279
2037
1816
3960
1457
461
1307
2310
1587
2357
1296
1859
2271
2854
1295
1276
2086
1238
2199
2815
2280
1446
1142
1992
1571
2740
7981
786
1645
1808
3403
3531
1212
2004
3352
5088
940
1703
2935
1369
356
2955
2306
1483
1918
1030
1231
1776
1671
947
2131
1584
24
1778
1090
1860
1484
822
2973
2429
1473
812
1748
1506
2124
2451
1426
2658
1099
1475
1573
1406
1220
1618
3069
2651
1815
2285
989
1373
2484
3219
1540
691
5014
637
2246
2307
2459
2438
2207
1386
496
1831
2996
1473
1084
1467
1224
114
1986
1564
2746
971
1913
1404
1479
715
716
3118
1820
3058
2165
1154
1632
1235
1619
2895
1626
1522
2636
403
1036
2190
1101
2333
681
2742
3036
2460
2092
2316
3143
842
2357
1856
950
517
2981
940
3249
2922
3423
1673
1187
1187
1449
2869
2807
2906
3334
953
1136
1497
2187
2860
1252
1857
1555
2461
2113
2485
2331
2510
2823
2123
1516
1359
2672
2044
2217
2089
1419
1651
2743
1151
1777
1825
755
1482
1397
1587
1487
2034
2680
1825
870
1456
0
1857
1199
1371
774
1883
2223
995
1739
2160
1698
473
1841
2906
3705
2090
1493
2132
1057
297
2216
3111
2344
350
1971
760
2242
1662
1105
2638
597
1130
3885
3340
2745
3295
393
1825
518
1798
1466
1357
3106
171
1972
2997
1677
2669
3939
290
2170
1906
1042
269
1472
2165
1677
1100
1138
3642
1396
617
1662
2134
2734
2093
1677
3436
812
2595
1391
1926
2207
1764
143
1039
866
1877
1472
737
3705
1853
1530
2437
701
4189
1433
657
1205
1336
1668
1044
2563
2435
1915
991
3263
992
1186
393
1225
1740
1532
1123
2063
1163
1289
1268
1857
3296
2524
1596
2991
2618
2616
1392
787
1054
1285
2830
1600
2978
1707
1389
2583
2609
2172
1305
1467
0
1962
1642
1979
1730
2516
3752
1705
575
4404
3480
899
971
236
2505
2753
1327
3209
723
2434
1548
1203
1981
2167
1602
2187
2238
1060
1610
217
2119
2457
847
1678
1176
2935
1089
3294
2310
2410
1771
3227
1476
2325
864
2312
-1
3045
3278
3834
2285
2292
1507
1881
1918
1914
1791
277
1958
1332
1632
2526
2708
1995
2085
634
1241
1878
1221
899
1597
639
2727
0
2752
2604
2799
1391
1545
2242
2616
288
2034
2135
580
1888
1100
1496
700
1439
2037
2167
2433
964
2057
3364
1101
2420
1960
1809
2182
1779
594
2693
3231
147
2326
890
2003
3850
1688
2131
2596
482
1527
1182
2794
1452
1524
3052
2256
2174
1725
2721
3017
1569
1756
1411
2367
1296
2640
1389
2884
1526
2733
1507
792
3667
2473
1480
1445
2336
2863
2035
2133
1643
1640
2024
1161
1508
154
1022
1418
2216
2395
2206
3289
1089
1898
2993
2081
1988
1909
880
1472
2408
2044
2035
2083
1241
1390
2919
1622
955
1150
1287
835
3049
1746
1902
1492
720
1266
2931
2451
866
1854
3411
1534
1852
1301
2183
1583
1557
2154
2354
2592
1180
1587
1054
5007
308
1814
1603
1522
1395
1029
778
1676
