84
64
35
18
0
69
0
92
51
24
59
99
5
33
103
68
43
10
9
92
111
75
33
0
111
24
46
16
30
19
80
10
24
100
47
103
75
17
11
50
35
46
2
47
0
92
22
0
25
76
25
7
46
23
0
103
0
2
23
103
-1
37
45
24
61
29
59
59
40
46
63
63
25
35
0
76
0
25
61
46
0
24
25
48
13
23
11
7
0
40
50
37
84
45
31
0
19
49
48
49
32
13
103
50
22
31
13
0
1
12
44
31
80
67
19
23
35
75
92
27
1
5
1
49
46
22
31
69
47
5
30
24
73
76
11
9
18
3
99
-1
27
77
37
61
22
50
56
35
41
76
73
92
92
50
32
64
57
37
0
50
103
39
40
75
75
10
5
40
23
35
49
0
82
35
43
12
12
89
77
57
89
24
92
73
31
63
37
5
0
0
67
37
25
0
31
100
40
80
30
-1
3
0
40
69
11
12
9
56
0
43
68
40
0
11
5
0
33
0
24
63
27
85
60
0
40
92
-1
0
75
11
68
61
32
2
37
0
44
10
35
111
22
2
32
5
40
46
113
0
73
23
-1
-1
33
46
43
0
37
27
0
23
46
27
61
68
73
60
45
60
25
33
37
68
23
92
76
37
15
76
13
37
50
0
7
0
100
49
51
-1
67
25
7
100
63
28
92
48
0
25
24
31
37
46
24
99
92
5
21
13
19
11
45
12
37
73
41
89
0
0
89
0
67
49
45
50
0
43
37
46
49
59
65
15
0
30
19
33
50
12
15
60
68
64
18
32
32
10
23
0
0
1
73
40
37
0
1
17
33
18
99
-1
0
10
39
22
45
69
25
24
75
103
32
44
5
46
39
56
5
61
33
40
30
30
45
76
-1
0
0
1
40
100
61
11
24
27
73
23
22
63
50
100
47
94
92
31
30
31
82
0
64
16
9
37
-1
69
24
59
17
73
37
49
60
22
73
25
84
12
37
37
92
5
82
25
-1
13
99
75
25
25
32
3
15
29
29
37
37
77
32
41
0
18
27
2
69
100
23
63
37
63
35
32
100
50
41
30
99
51
31
60
63
5
113
43
37
21
80
0
84
60
30
23
27
10
25
80
60
14
73
92
63
22
30
92
76
41
39
77
37
0
5
63
44
43
-1
60
25
75
41
0
1
44
56
12
46
5
30
12
69
61
0
23
75
59
31
89
49
0
14
37
45
50
-1
32
99
99
30
49
49
32
77
44
111
32
-1
-1
69
46
79
67
56
11
39
67
69
61
39
25
0
75
48
51
45
80
11
63
68
23
89
2
46
56
0
90
30
0
14
49
69
24
50
99
61
82
22
100
100
2
109
99
48
37
47
30
46
9
67
61
100
64
92
63
79
15
0
46
25
69
40
32
19
21
48
69
32
30
37
75
22
-1
2
56
10
76
40
30
64
29
2
92
43
80
77
9
-1
49
50
43
92
22
30
-1
49
0
99
30
43
37
50
46
75
22
64
7
12
84
19
73
68
50
56
-1
0
59
59
40
65
47
32
80
50
0
68
24
68
104
12
13
13
22
40
30
64
9
1
69
35
9
103
0
59
46
31
51
64
25
80
37
80
50
47
50
0
51
30
47
22
61
39
22
32
27
43
64
-1
0
22
77
40
80
100
49
0
85
45
32
27
11
21
25
32
37
35
40
1
33
43
5
2
92
13
30
29
64
37
49
25
0
84
33
92
14
44
90
92
32
31
0
40
43
12
35
77
3
14
0
80
37
49
56
31
92
103
76
45
43
76
22
40
14
46
69
37
2
41
49
50
0
0
40
11
31
76
14
22
19
17
0
7
73
46
103
22
5
29
30
35
49
22
69
49
-1
3
30
92
89
13
104
37
35
31
31
14
13
32
14
0
63
0
30
32
32
37
43
1
114
56
33
0
92
48
5
37
1
45
64
73
16
73
22
9
46
31
0
63
49
111
37
31
41
50
40
7
40
0
33
73
57
103
2
37
10
73
67
57
99
15
40
73
50
18
39
22
50
50
45
47
82
-1
33
32
43
33
23
-1
13
33
48
84
33
0
0
73
-1
50
82
5
-1
19
-1
22
103
46
11
80
24
75
30
60
89
50
35
50
3
43
75
59
57
54
41
40
99
37
39
-1
99
84
59
0
37
46
49
23
-1
31
37
-1
9
39
3
0
60
15
32
29
67
-1
25
30
92
80
61
68
3
-1
0
7
82
60
2
0
21
0
0
27
43
51
0
75
111
46
76
45
22
31
30
23
63
22
103
5
37
32
109
76
1
75
13
49
17
40
22
