4
4
77
0
24
31
52
69
106
94
23
43
64
0
40
87
24
122
18
22
14
13
7
23
-1
0
19
101
13
1
47
5
68
91
-1
66
0
96
56
11
36
68
67
64
7
78
11
0
160
100
0
23
91
160
0
12
14
6
22
82
68
38
0
100
104
101
0
1
106
30
0
31
15
47
21
80
19
52
15
160
8
94
14
100
54
22
-1
19
122
-1
35
69
76
22
8
91
100
38
12
101
1
2
4
94
122
11
13
29
2
0
22
38
80
45
-1
94
37
160
80
1
42
66
13
15
160
56
90
2
15
56
20
13
6
7
5
92
53
69
14
0
104
40
80
4
8
8
56
6
37
0
80
122
38
0
101
6
29
94
53
43
106
122
36
43
0
14
3
92
1
3
5
79
0
18
80
38
80
8
0
7
64
13
0
19
37
19
0
54
20
0
91
0
29
31
80
38
4
31
36
19
136
38
17
0
6
-1
2
0
2
43
45
9
80
43
3
23
7
7
14
22
13
42
13
47
13
77
54
100
91
0
4
87
76
56
29
15
24
122
64
23
18
0
64
15
43
46
36
0
23
47
14
45
69
15
11
0
14
1
-1
31
9
-1
35
6
20
46
80
45
45
56
0
91
54
40
80
0
14
106
96
106
0
94
122
30
32
22
1
17
13
3
13
122
67
0
43
1
91
31
0
45
43
122
45
14
60
92
24
47
5
22
24
37
45
15
9
78
7
36
36
23
15
14
91
29
76
6
22
0
32
43
45
31
40
94
11
91
37
67
0
100
40
91
6
24
100
94
77
34
47
91
7
0
45
160
37
31
93
122
13
21
69
7
6
15
17
12
1
15
19
78
0
45
80
0
47
8
6
77
23
22
18
31
90
24
7
54
23
8
29
100
0
80
29
31
53
94
36
37
5
66
3
37
160
53
52
36
45
56
45
37
80
-1
0
17
78
0
45
21
14
35
0
78
57
82
52
13
37
15
13
31
20
94
100
0
56
15
160
36
3
0
47
0
77
35
122
64
101
3
91
0
21
64
40
78
47
35
4
69
64
14
-1
64
38
0
46
0
6
104
22
1
90
67
3
14
91
14
7
37
73
2
2
104
0
3
136
64
94
6
92
15
8
160
0
37
30
45
37
22
64
96
87
12
15
0
31
23
3
29
15
0
100
57
76
0
7
-1
77
38
96
22
52
122
93
31
56
0
77
3
106
54
-1
13
80
14
96
18
15
24
94
91
47
122
101
96
7
7
21
13
15
94
14
22
23
29
0
69
92
4
52
37
43
35
-1
89
37
54
47
23
53
73
-1
35
35
104
-1
2
19
23
15
23
11
160
100
17
14
2
0
94
31
160
104
69
14
34
37
43
94
54
36
0
43
22
54
92
-1
56
46
91
29
13
18
80
37
43
160
14
3
94
14
87
23
96
37
37
23
0
17
1
76
23
1
36
0
14
38
26
40
100
45
5
56
3
0
37
36
67
0
36
-1
80
87
104
-1
78
23
18
67
0
0
104
0
13
80
160
82
31
68
69
54
76
91
0
90
22
57
14
66
0
32
14
94
65
15
87
18
4
52
0
90
94
21
64
18
91
2
5
35
0
29
82
57
91
43
12
20
7
13
23
0
104
31
11
38
0
53
14
3
54
15
122
3
0
57
8
6
22
6
46
54
9
58
36
80
104
22
-1
13
4
54
-1
-1
14
43
69
0
11
53
68
82
45
-1
-1
52
7
35
66
23
17
8
11
0
22
38
4
47
17
32
31
37
0
35
122
23
20
7
80
0
0
80
45
19
15
4
91
14
31
101
0
122
45
2
122
69
11
7
29
0
106
45
0
20
0
31
5
35
122
21
80
31
26
38
100
2
30
94
31
35
12
64
56
35
52
-1
40
82
31
0
23
15
5
0
35
22
0
106
91
45
80
15
104
19
8
23
18
80
0
87
37
45
64
19
-1
122
68
136
43
29
0
77
22
37
0
0
15
20
29
1
38
31
23
45
76
40
67
87
22
19
4
35
160
91
4
7
18
31
0
0
5
23
1
3
92
19
7
15
18
106
4
23
45
0
82
45
91
40
45
31
45
38
15
0
40
14
29
122
31
12
8
57
30
37
78
0
30
37
122
4
15
36
80
13
20
23
14
0
38
14
94
-1
37
64
7
0
43
0
29
37
22
19
32
23
54
35
104
-1
38
38
29
36
15
0
38
4
7
13
45
45
45
43
23
15
0
4
6
24
18
3
104
14
57
11
0
43
6
45
57
80
100
-1
78
32
-1
8
91
77
40
6
14
0
88
