-1
68
9
86
22
26
15
0
38
0
19
50
32
45
83
13
28
29
33
37
0
28
41
22
14
25
8
14
5
19
24
43
63
10
47
0
30
8
54
41
41
65
38
15
0
52
15
65
136
59
14
-1
10
16
33
25
25
35
59
8
32
96
14
9
44
8
120
57
154
52
24
0
22
14
19
18
86
1
92
32
50
38
74
33
47
154
15
14
56
47
136
27
37
50
28
0
25
13
85
48
59
47
0
60
52
63
44
27
154
8
0
63
51
52
24
38
136
33
81
5
56
92
10
0
69
38
2
22
83
154
47
0
0
85
57
25
32
6
-1
59
94
55
86
56
32
77
19
9
154
26
40
44
64
13
25
50
52
16
29
27
28
60
27
50
0
63
44
46
16
57
50
47
83
0
52
44
44
98
44
0
136
22
25
56
28
0
68
63
48
16
15
69
16
38
50
-1
35
48
33
32
0
29
45
83
0
44
0
6
15
44
0
28
119
43
92
2
48
16
-1
44
26
43
38
4
0
13
37
51
15
19
16
59
24
12
47
50
41
25
0
14
19
15
5
43
30
4
30
27
0
44
20
43
50
44
3
54
37
48
33
57
0
92
56
47
1
0
57
69
40
4
29
63
92
8
32
16
25
25
49
28
5
60
35
29
27
45
16
20
89
10
10
0
16
3
136
0
47
63
33
85
63
0
25
0
31
33
6
0
15
9
32
30
0
49
52
85
13
2
60
0
1
95
55
15
54
51
69
57
60
4
27
28
14
24
50
59
8
40
-1
3
68
22
2
25
1
47
51
52
29
26
18
45
4
-1
52
-1
1
35
21
36
50
37
92
32
6
36
12
25
41
50
25
136
50
5
65
44
9
14
45
2
0
9
37
29
50
37
14
47
42
16
86
15
47
15
44
10
47
43
8
24
47
45
36
2
96
14
48
14
29
38
63
0
9
19
0
0
56
94
3
28
27
13
83
63
50
44
63
25
40
22
25
8
10
1
15
13
15
3
50
0
18
21
10
36
15
48
10
0
45
56
35
-1
43
57
136
29
47
45
35
27
32
10
17
56
4
40
21
37
27
56
32
52
-1
24
44
21
30
0
21
1
9
38
25
52
154
27
59
43
69
14
0
5
55
14
29
44
26
50
0
0
35
33
86
9
28
-1
43
25
14
0
0
52
5
10
-1
54
57
0
4
96
42
51
33
55
86
18
22
9
86
22
50
-1
18
57
38
10
-1
25
44
41
40
37
24
13
45
94
96
0
32
38
0
22
37
63
0
89
136
54
10
55
154
33
32
59
1
28
5
45
9
52
89
43
3
0
57
22
29
22
0
63
94
0
14
43
20
36
37
15
10
14
56
0
20
44
83
21
12
-1
154
29
83
4
6
2
50
56
43
49
27
57
10
32
30
24
95
57
2
17
27
47
32
27
43
92
3
-1
47
30
0
54
30
33
24
59
52
24
21
16
95
21
47
30
47
44
13
120
14
13
59
54
60
0
6
45
0
0
154
63
51
18
29
27
6
0
33
18
26
33
41
14
44
49
55
43
136
14
38
0
50
29
48
29
22
88
0
85
36
154
86
19
60
14
85
56
25
16
63
21
0
30
28
64
57
3
-1
64
8
31
136
25
33
14
30
0
50
59
57
15
2
50
109
44
38
-1
45
9
0
-1
56
55
50
2
59
50
55
29
27
8
0
33
60
33
63
0
0
8
12
98
0
10
27
8
94
1
-1
17
25
32
17
35
14
20
3
59
120
41
38
32
19
17
14
9
30
0
96
0
96
41
63
15
12
14
43
30
0
12
14
43
55
19
43
43
17
50
57
50
32
38
89
63
49
43
1
15
15
124
44
16
64
15
13
16
19
21
32
0
35
0
14
41
43
136
-1
59
38
54
43
27
10
0
57
50
-1
12
57
41
52
96
96
14
40
49
24
68
3
96
59
137
63
8
36
13
40
52
40
57
4
37
-1
51
26
0
16
120
19
45
15
68
81
52
15
0
38
9
22
43
44
33
19
8
29
0
12
38
19
5
16
41
-1
0
89
24
16
0
47
15
0
60
59
0
43
16
4
85
1
50
59
32
83
136
14
6
47
57
19
27
83
33
14
63
-1
55
68
-1
32
41
28
0
154
43
13
136
27
32
33
28
41
57
0
51
43
89
22
25
54
0
26
50
41
65
85
57
0
16
0
88
0
3
44
20
52
18
6
-1
14
69
48
25
9
41
15
56
16
49
72
120
41
45
56
32
47
57
85
-1
0
18
96
38
-1
56
0
16
95
89
1
0
1
5
14
50
