2474
2218
1319
2190
348
1423
3298
3153
-1
682
-1
-1
-1
2149
-1
973
1815
2420
1180
2722
1780
1713
420
2308
601
-1
1012
-1
2342
-1
1179
2081
1371
1128
1097
9
-1
1412
-1
3514
-1
1587
963
1011
1164
-1
-1
630
1016
2893
535
1053
-1
660
2600
2086
-1
1347
2609
-1
-1
1391
2162
-1
1701
2141
2586
995
1062
3048
-1
-1
3959
1124
1854
1546
409
-1
452
4163
-1
3470
2228
1848
1566
3613
886
2253
-1
1714
-1
-1
-1
-1
-1
3395
2550
1410
2557
-1
2254
-1
-1
1220
242
-1
3442
2732
551
459
2284
1668
2293
-1
1446
640
-1
2076
1190
1863
2129
2568
3208
1917
0
-1
-1
-1
-1
-1
413
2205
1170
4603
1904
372
-1
1970
939
-1
0
511
706
662
-1
2642
0
-1
1446
2116
-1
-1
896
3150
-1
1940
925
-1
-1
1481
535
-1
-1
-1
1219
1929
677
-1
1187
1763
-1
2095
-1
1902
2092
1173
715
3624
1041
-1
3761
-1
1678
1758
3476
-1
-1
919
2183
1473
-1
-1
2302
295
-1
1662
835
1400
-1
-1
230
-1
1768
1670
1451
0
1866
-1
-1
-1
-1
561
1310
2625
1986
2740
-1
-1
-1
364
2000
-1
-1
1106
-1
-1
2903
2033
-1
0
4628
2299
2947
1764
1112
859
1389
-1
874
1635
-1
1247
2265
-1
1222
1606
872
1744
531
738
716
-1
1528
-1
454
2389
2217
-1
714
1377
353
2332
-1
2172
-1
1808
3384
2015
-1
-1
1782
1546
1729
1856
316
1670
-1
430
2448
886
1389
2577
1463
-1
1488
3584
-1
859
1551
2098
-1
-1
2656
-1
2353
-1
2703
714
-1
858
1011
-1
2015
1696
2517
2464
-1
464
-1
4276
0
741
1537
764
903
-1
1216
-1
4464
31
-1
1662
-1
-1
2686
-1
301
2669
246
1865
1942
1815
2078
1130
2707
1463
1983
2252
2237
2532
357
-1
423
3210
-1
1524
1154
494
-1
1398
2354
2304
1572
-1
2083
857
1550
2749
4694
2250
893
1811
1538
-1
588
3809
-1
1439
1645
485
1582
1737
1582
394
1955
-1
1063
-1
-1
2658
-1
1061
-1
1553
1587
2758
3447
1657
498
2518
-1
656
4197
2644
-1
3059
-1
1149
-1
1564
2832
-1
3526
1071
2596
-1
-1
1541
938
1335
-1
1146
-1
621
1806
1134
1949
1522
-1
-1
1119
1566
1624
47
1787
-1
1138
1631
237
4331
772
1308
1251
-1
2390
-1
384
-1
1037
2879
-1
-1
1352
2151
-1
1415
1686
-1
-1
-1
1848
2569
2683
-1
678
283
-1
1218
-1
1206
-1
253
-1
2214
1469
2500
972
2575
1041
2742
-1
-1
-1
1539
5163
-1
-1
2533
2513
722
2384
2528
-1
930
1878
1142
-1
1997
2880
2686
2777
1380
0
1994
2879
1752
760
-1
3757
2207
-1
-1
814
2558
1400
1414
4302
900
805
1992
5242
3109
2283
537
-1
4042
2799
-1
1799
1482
1640
5087
748
2105
1238
2293
3829
1149
1338
-1
1073
972
-1
1138
-1
-1
1870
2249
1014
-1
1063
2018
1320
1515
1152
2900
2026
543
-1
-1
-1
4917
1577
1978
2157
2315
1345
-1
797
2150
-1
-1
1178
1998
-1
1016
1559
2308
-1
-1
-1
-1
694
1642
629
-1
1576
896
2590
1016
4192
1892
2441
2060
1699
1725
-1
3088
683
2909
1511
3243
-1
-1
2591
-1
-1
105
-1
1550
-1
564
-1
-1
453
-1
1741
2510
4
1507
-1
-1
3488
-1
-1
1463
-1
-1
-1
643
701
-1
1408
3
-1
1064
544
-1
1284
-1
2323
113
-1
3213
2488
-1
963
-1
681
501
2684
3720
2243
1002
-1
2317
4326
1079
1494
2562
856
4583
802
2779
2203
-1
2795
-1
1732
612
-1
-1
-1
851
1225
850
-1
-1
2983
3898
2934
-1
1072
1622
1061
-1
739
3004
2318
1735
-1
2082
-1
433
-1
1229
1679
2779
-1
-1
646
-1
1938
-1
215
1442
-1
744
2864
-1
2592
1001
-1
338
2315
1746
3057
-1
-1
2509
-1
1265
1880
1196
2626
4400
-1
-1
1985
595
-1
1149
-1
-1
1751
1413
370
-1
-1
869
837
1319
387
565
2319
1184
3086
-1
1008
-1
495
1251
-1
926
30
-1
4412
2238
2013
-1
2129
2466
1935
1576
-1
1525
449
2168
1604
1669
1314
2644
-1
2688
1608
2540
4527
438
-1
-1
1588
-1
-1
1333
1449
2172
-1
1090
1021
-1
-1
1458
-1
525
1940
-1
1070
2094
-1
2145
783
1226
2500
213
4542
-1
239
3939
2604
1511
-1
-1
2828
-1
1032
1197
-1
-1
1246
2463
2774
2703
-1
-1
1605
307
3846
2361
760
2870
1477
1089
4472
2587
685
1896
-1
1435
1885
1643
1340
963
3427
91
1817
3699
-1
1637
1426
1851
30
2207
2055
-1
-1
-1
1543
2523
1273
-1
1933
-1
1604
-1
-1
2280
1292
1775
-1
-1
577
-1
4197
3846
1197
-1
929
1323
2454
1010
161
1607
1181
512
16
-1
1262
3152
1077
-1
2424
413
-1
4696
-1
-1
957
1577
-1
-1
-1
2006
2851
-1
2381
1861
1733
422
-1
1805
-1
2216
-1
-1
-1
1367
-1
1835
666
1957
324
706
-1
-1
-1
-1
1797
1450
-1
-1
1424
-1
-1
2050
1428
3243
2064
1030
1382
1807
372
3374
1915
-1
1854
908
2449
1229
2761
1727
2528
-1
1455
2846
1306
446
-1
807
1442
1492
-1
2449
-1
841
-1
727
1301
1748
1720
-1
-1
1911
3576
5165
1472
-1
1913
-1
1578
-1
986
326
2790
-1
1318
667
406
1506
2003
764
-1
-1
1968
-1
1302
-1
-1
2377
1411
1946
-1
1583
2133
489
2372
2236
0
3332
-1
1882
