-1
626
2217
1811
211
1010
0
-1
419
2035
2251
3849
1925
3267
-1
1350
4626
3055
2195
-1
-1
1162
923
1109
-1
2550
319
325
-1
1352
2085
-1
664
-1
1816
2096
2010
1781
3406
3263
2052
1330
424
1280
1304
-1
304
1271
-1
642
1305
1598
1607
-1
2316
1972
-1
2131
-1
2293
2528
1477
-1
-1
2223
1485
1254
1566
1805
899
706
2829
1347
2673
0
1297
2755
2397
1356
-1
-1
-1
444
478
1227
670
1508
333
1708
3814
1289
-1
2426
415
3328
753
1661
1114
927
-1
2383
-1
-1
2841
1813
1552
-1
1872
4453
-1
258
2161
-1
-1
1706
2489
1634
1953
1231
931
1517
864
675
-1
-1
-1
-1
894
1470
-1
-1
1347
-1
0
-1
-1
1840
1910
1110
1511
-1
523
519
1015
-1
1701
-1
1098
-1
65
1345
-1
173
1297
1322
1113
1186
1956
-1
1318
1729
2731
-1
-1
2981
849
1786
2602
1758
-1
-1
2594
909
-1
2052
-1
2160
802
1191
458
752
4222
945
1947
-1
2237
744
2227
3458
1407
2001
-1
663
-1
1383
819
-1
1811
1628
1694
1225
481
2382
1602
2548
931
1675
-1
2465
1468
720
1163
-1
-1
2801
1038
1323
1074
801
2243
-1
1432
1687
3042
2842
952
-1
2002
-1
-1
-1
3437
-1
2082
-1
-1
1341
-1
-1
-1
-1
1735
1553
-1
2922
-1
-1
2333
672
-1
1033
-1
-1
1146
1399
3403
-1
4535
2166
2321
870
1634
1792
-1
301
-1
1578
1238
797
-1
-1
746
-1
-1
1855
2074
330
-1
1707
1631
-1
-1
1528
1130
1120
3253
1292
1704
-1
2141
-1
1615
2495
3650
1842
2720
-1
2467
532
-1
3584
1606
3253
1297
325
1520
665
1133
2161
174
-1
582
-1
1613
-1
-1
458
-1
3304
871
1118
1443
1056
992
-1
-1
-1
3400
-1
2465
3422
-1
1349
338
1562
-1
978
926
1315
-1
-1
-1
-1
2519
1602
3660
-1
798
1487
185
812
-1
898
-1
256
3237
-1
-1
-1
-1
1321
2648
4534
-1
1020
796
1974
1665
1826
1089
1879
1534
2595
-1
1163
-1
1802
-1
864
58
626
2663
-1
822
669
330
1202
1790
1349
-1
1583
1709
1621
3103
1448
-1
1968
-1
414
1945
-1
487
1755
748
1759
3074
3430
2917
160
4242
-1
2849
3108
1713
-1
1248
1325
664
2091
135
-1
950
-1
2575
1214
-1
-1
2197
1523
-1
1037
1106
618
-1
659
504
-1
1186
-1
785
1026
-1
1373
-1
-1
2430
2332
1813
-1
2155
1754
2943
660
2738
2492
-1
1626
-1
2052
1512
-1
2990
3209
3335
1797
-1
1670
-1
3334
1802
1945
555
550
2940
-1
910
418
1231
693
1717
2034
-1
1287
1167
-1
205
1882
1800
-1
-1
-1
-1
693
1219
1845
1151
-1
2285
401
-1
1306
-1
-1
-1
326
-1
1373
1394
-1
2785
1730
1952
2764
1287
-1
1393
1204
-1
1430
2196
-1
-1
1588
3081
-1
1817
-1
699
1003
2369
1598
-1
1583
-1
2419
-1
1846
-1
-1
-1
2023
191
780
-1
1310
-1
751
2518
534
1625
3100
-1
178
2121
1024
831
2503
1618
1315
901
556
-1
1435
1047
-1
3172
-1
1824
-1
2212
-1
1474
-1
1057
-1
-1
-1
-1
2186
991
1192
0
2525
1625
2506
-1
-1
1637
1082
-1
1459
-1
2721
-1
3122
1547
2343
1424
-1
1484
-1
0
1232
-1
-1
-1
-1
2087
1038
-1
1606
-1
3926
308
-1
1802
1963
2829
-1
-1
1803
1045
1988
1480
2323
2412
1176
-1
1068
992
-1
3604
-1
703
-1
2914
-1
3819
-1
990
-1
1645
1925
561
-1
1940
705
819
2749
-1
1430
981
352
2118
1599
1891
2041
1878
1722
-1
-1
1271
-1
2130
535
214
1004
1057
1681
-1
1906
1547
538
794
-1
664
-1
-1
-1
-1
-1
832
-1
989
-1
1189
967
1102
2385
585
1162
1159
2641
-1
1559
-1
1815
-1
1881
-1
-1
2777
1487
888
899
640
1116
-1
723
-1
402
95
1737
-1
2940
702
2008
-1
-1
1007
1668
1436
1048
-1
600
1244
1550
4887
-1
1709
1596
2554
145
2462
2082
1162
-1
2766
3068
1497
1876
899
-1
2305
1819
1665
1753
1776
-1
2407
985
1744
3113
-1
1122
1303
410
-1
1020
-1
-1
-1
1319
1638
1119
-1
-1
-1
-1
-1
3000
1658
1287
598
1654
-1
-1
-1
-1
1263
1824
1718
-1
-1
758
1377
1799
-1
-1
3042
795
4095
1069
2700
-1
1588
106
1836
2631
-1
-1
937
1335
2341
-1
-1
901
2964
1477
853
2122
0
-1
3029
0
-1
976
2697
1801
2249
1094
1006
2406
1472
2316
2352
-1
-1
-1
-1
2086
-1
331
374
1114
1386
1985
721
929
1776
1297
1218
-1
517
-1
947
2339
1398
1315
-1
1748
-1
1401
-1
2122
3632
-1
1934
3434
-1
-1
1274
1072
3604
484
1515
1798
1145
2834
2304
3196
974
-1
2190
3626
-1
2333
-1
1412
-1
4475
1398
-1
3691
1308
1673
2631
1521
1966
2786
1968
1221
-1
-1
-1
-1
1788
-1
3061
3046
621
1732
1003
-1
-1
-1
-1
-1
3263
1546
1493
1923
375
-1
286
-1
3571
1584
2592
3195
967
2048
1006
1407
696
2831
-1
1434
1792
-1
2462
1199
2940
1590
1002
1662
1993
-1
2858
-1
1255
1383
1852
2729
1221
1845
-1
1964
1219
0
1008
1556
-1
-1
-1
-1
-1
-1
1728
-1
1807
2251
451
302
-1
2090
1542
1767
1599
2935
2028
768
-1
-1
1186
727
-1
2101
723
360
-1
2171
2217
879
-1
1985
-1
826
2092
1096
-1
-1
136
890
2301
-1
-1
-1
0
1319
