598
3744
1766
1433
2674
2021
4693
2409
2087
661
0
2007
2275
615
1432
1900
1783
1412
1610
1172
1344
2005
1020
1190
1673
3269
2298
1661
2753
0
1329
1649
1474
1934
2283
485
1026
2525
1519
2273
1367
756
1377
2370
1237
2006
2037
1210
2668
2142
1932
2287
1076
3273
708
445
789
1101
2214
2083
998
3079
1435
2293
2673
1121
2583
255
652
2053
1626
2188
3218
2318
2456
-1
964
1535
1985
845
1365
3063
491
842
2283
1813
918
409
978
1276
3480
1660
3134
2262
2189
3564
2380
1629
2845
2214
1362
1415
3803
3172
0
569
1060
2111
1619
1763
1583
1737
2802
1507
1717
573
1382
244
2998
3296
1565
1049
855
2079
1551
3109
760
958
879
1628
1053
929
827
2480
4300
1659
3626
969
2699
1385
246
1767
1241
1216
-1
2629
1705
784
4341
1138
2002
1844
1992
2885
400
2458
3190
1178
2812
1184
957
2179
1288
2059
3447
366
1923
1683
2037
1183
1570
1667
2091
1507
766
969
1448
1542
2279
1590
905
2303
3868
2620
1553
1287
1110
3423
1908
1732
3804
2557
1296
1910
2521
1713
2151
1689
1750
594
1505
1114
1215
3058
1501
1279
2536
2669
2964
1532
1451
3906
2400
1232
664
1879
1002
1767
302
1692
3450
2971
1464
1864
-1
497
115
1343
1724
2055
1025
1203
1475
624
1953
1582
3088
-1
1755
2355
2683
1414
1994
2688
1510
2474
1955
806
2634
1626
2285
775
2115
3158
2970
3910
1978
213
1964
1079
3472
1134
1298
1435
4309
2697
1919
2321
2401
1258
2208
2683
1490
2944
2568
465
811
1473
1232
578
1906
506
4353
842
2549
1467
2237
1755
2208
904
2252
1733
1521
1392
2318
928
1954
3906
1064
-1
2415
985
703
1660
3443
1116
1897
592
2009
719
1771
82
300
1582
1714
454
413
2596
2085
2052
2071
1646
1559
2464
1459
1294
1272
1245
1078
1291
2851
1123
1349
2265
1836
2919
2177
308
1368
1288
1063
2605
2882
2022
2668
2540
1909
1833
4794
1401
2741
4116
707
1378
3331
3393
1307
2643
1834
2052
1344
2582
1072
4961
1810
2778
1886
1906
1417
358
1785
2386
1764
1837
1444
3425
3804
7
1000
3193
2148
1499
1288
2073
1172
629
1405
1069
787
2961
2574
1073
1745
951
1344
1501
2863
2283
3127
2506
2592
550
1909
931
107
3762
843
1202
2013
1148
1252
1531
1277
1899
2606
1478
2163
4486
1179
416
2141
1237
1977
1046
1669
840
1315
1402
1928
780
1273
2341
1570
1645
1451
1543
-1
2393
1624
-1
909
1957
-1
1743
1283
3270
641
2656
1869
817
120
1498
3810
1906
1792
899
699
1930
2855
3220
2819
2566
2169
2692
1328
1841
4337
939
2094
2250
1248
726
2008
1950
1790
1734
228
675
2318
3769
1711
1902
1163
727
1860
3825
697
741
1312
1738
1153
1065
967
1025
2366
1505
1816
-1
1313
1242
1643
1700
2680
2240
3197
1757
2177
1043
1338
1109
3521
3025
1758
1203
1244
389
310
1435
1158
1643
2863
2318
1793
2342
1789
1674
861
2567
1877
1052
1109
2749
1482
780
2302
2105
343
2335
1301
1470
1896
613
1275
2105
1608
2894
472
2037
1959
1885
1599
1871
49
1974
2566
1465
1870
1861
2143
3048
1543
2597
2082
3176
2250
1435
1592
2141
1080
1353
1417
551
1147
1542
1764
446
1854
1370
756
1915
1415
2714
1357
80
2868
4251
1061
1557
1537
1939
1469
795
2341
1908
1199
1902
2206
307
2812
3562
1459
3615
2832
1145
1438
4239
2087
2135
1722
1875
896
1760
2088
868
2261
3683
2383
1590
2550
2315
1878
1363
1367
2350
1577
1627
2202
778
1164
1425
1096
1375
3596
1297
204
1979
1008
1454
3550
1481
846
680
2019
1473
1519
2820
1099
676
1816
3334
1462
2464
3001
1677
2711
1627
1647
951
1736
1145
3853
2795
1627
2921
1270
2942
2272
3094
378
2469
1207
1801
1951
2127
1183
1544
1048
2009
2276
2182
1625
1857
2134
-1
1504
2219
853
1064
1824
2598
2134
1580
2230
2111
2064
796
563
1056
1600
3209
2385
1323
1620
1462
2946
1825
3362
1339
1656
2449
2715
4331
2790
1600
1133
2845
1805
1850
2457
1662
1179
1583
1231
1079
2024
2654
1567
3694
1362
909
1564
1470
2660
2077
269
2688
2136
1694
1021
3542
1136
1851
592
1543
2097
1781
2703
1115
3944
1097
2142
2858
2815
413
1327
4063
2290
2513
2103
848
881
1935
1457
1425
4338
1680
1688
1924
445
1466
865
13
800
1356
2203
649
2545
1460
842
2089
1542
1500
2083
1777
1619
814
2732
3320
1625
1351
2403
987
1488
2959
1010
1274
1042
3855
1425
1851
2031
2807
1844
2163
2088
3078
892
3455
1266
1481
1297
1465
1543
470
1008
1035
1921
1715
2748
3120
1331
1434
2392
3653
2054
1005
1208
1709
2792
3298
1425
1075
2302
3878
1851
1847
2371
3064
1808
1317
1834
8
1076
2125
2443
108
989
1628
2244
854
943
2079
454
1935
425
839
1891
2810
1183
991
450
343
1752
1670
1906
3163
1529
2358
3119
2883
825
2308
931
1371
566
2034
987
1947
2773
2656
2506
2473
2454
1136
1362
448
1671
1387
719
2887
336
2217
1132
2142
3129
1049
1275
2976
2946
2064
786
751
2827
1661
2288
1746
1724
1848
1563
2416
2573
3331
2648
709
1009
1294
3067
2274
2111
993
1567
1289
1137
1664
2076
1601
1906
407
2920
1087
1623
2649
3162
1441
2170
1513
2061
1942
3421
1178
297
1288
1586
1585
3249
1851
1915
960
1908
1777
2415
2416
916
1504
1468
3032
1649
2665
2367
3403
2977
665
1460
1716
1083
983
2047
1255
168
2167
1290
2046
1488
3029
1300
1413
778
2437
3923
1255
1029
1732
3339
-1
624
2758
1792
1804
-1
492
778
1076
2055
738
1821
498
1460
1985
929
1440
